G:\CONTROL\LDATA\LDATA\LDATA\X64\DEBUG\MAIN.OBJ
G:\CONTROL\LDATA\LDATA\LDATA\X64\DEBUG\LDATA.OBJ
G:\CONTROL\LDATA\LDATA\LDATA\X64\DEBUG\MOC_LDATA.OBJ
G:\CONTROL\LDATA\LDATA\LDATA\X64\DEBUG\VC110.PDB
G:\CONTROL\LDATA\LDATA\LDATA\X64\DEBUG\QRC_LDATA.OBJ
G:\CONTROL\LDATA\LDATA\LDATA\GENERATEDFILES\DEBUG\MOC_LDATA.CPP
G:\CONTROL\LDATA\LDATA\LDATA\GENERATEDFILES\UI_LDATA.H
G:\CONTROL\LDATA\LDATA\LDATA\GENERATEDFILES\QRC_LDATA.CPP
G:\control\Ldata\Ldata\Ldata\x64\Debug\ldata.obj
G:\control\Ldata\Ldata\Ldata\x64\Debug\main.obj
G:\control\Ldata\Ldata\Ldata\x64\Debug\moc_ldata.obj
G:\control\Ldata\Ldata\Ldata\x64\Debug\qrc_ldata.obj
G:\control\Ldata\Ldata\Ldata\x64\Debug\cl.command.1.tlog
G:\control\Ldata\Ldata\Ldata\x64\Debug\CL.read.1.tlog
G:\control\Ldata\Ldata\Ldata\x64\Debug\CL.write.1.tlog
G:\control\Ldata\Ldata\Ldata\x64\Debug\custombuild.command.1.tlog
G:\control\Ldata\Ldata\Ldata\x64\Debug\custombuild.read.1.tlog
G:\control\Ldata\Ldata\Ldata\x64\Debug\custombuild.write.1.tlog
G:\control\Ldata\Ldata\Ldata\x64\Debug\link.command.1.tlog
G:\control\Ldata\Ldata\Ldata\x64\Debug\link.read.1.tlog
G:\control\Ldata\Ldata\Ldata\x64\Debug\link.write.1.tlog
G:\control\Ldata\Ldata\Ldata\x64\Debug\vc110.pdb
G:\control\Ldata\Ldata\x64\Debug\Ldata.exe
