生成启动时间为 9/28/2016 9:45:20 PM。
     1>项目“G:\control\Ldata\Ldata\Ldata\Ldata.vcxproj”在节点 2 上(Rebuild 个目标)。
     1>CustomBuild:
         Moc'ing ldata.h...
         Uic'ing ldata.ui...
         Rcc'ing ldata.qrc...
     1>RCC : warning : No resources in 'G:\control\Ldata\Ldata\Ldata\ldata.qrc'.
         
       ClCompile:
         C:\Program Files (x86)\Microsoft Visual Studio 11.0\VC\bin\x86_amd64\CL.exe /c /I.\GeneratedFiles /I. /IF:\Qt\5.2.1\msvc2012_64\include /I.\GeneratedFiles\Debug /IF:\Qt\5.2.1\msvc2012_64\include\QtCore /IF:\Qt\5.2.1\msvc2012_64\include\QtGui /IF:\Qt\5.2.1\msvc2012_64\include\QtWidgets /Zi /nologo /W1 /WX- /Od /D UNICODE /D WIN32 /D WIN64 /D QT_DLL /D QT_CORE_LIB /D QT_GUI_LIB /D QT_WIDGETS_LIB /Gm- /EHsc /MDd /GS /fp:precise /Zc:wchar_t /Zc:forScope /Fo"x64\Debug\\" /Fd"x64\Debug\vc110.pdb" /Gd /TP /errorReport:prompt GeneratedFiles\Debug\moc_ldata.cpp ldata.cpp main.cpp
         moc_ldata.cpp
         C:\Program Files (x86)\Windows Kits\8.0\Include\um\dinput.h: DIRECTINPUT_VERSION undefined. Defaulting to version 0x0800
         ldata.cpp
         C:\Program Files (x86)\Windows Kits\8.0\Include\um\dinput.h: DIRECTINPUT_VERSION undefined. Defaulting to version 0x0800
         main.cpp
         C:\Program Files (x86)\Windows Kits\8.0\Include\um\dinput.h: DIRECTINPUT_VERSION undefined. Defaulting to version 0x0800
         正在生成代码...
         C:\Program Files (x86)\Microsoft Visual Studio 11.0\VC\bin\x86_amd64\CL.exe /c /I.\GeneratedFiles /I. /IF:\Qt\5.2.1\msvc2012_64\include /I.\GeneratedFiles\Debug /IF:\Qt\5.2.1\msvc2012_64\include\QtCore /IF:\Qt\5.2.1\msvc2012_64\include\QtGui /IF:\Qt\5.2.1\msvc2012_64\include\QtWidgets /Zi /nologo /W1 /WX- /Od /D UNICODE /D WIN32 /D WIN64 /D QT_DLL /D QT_CORE_LIB /D QT_GUI_LIB /D QT_WIDGETS_LIB /Gm- /EHsc /MDd /GS /fp:precise /Zc:wchar_t /Zc:forScope /Fo"x64\Debug\\" /Fd"x64\Debug\vc110.pdb" /Gd /TP /errorReport:prompt GeneratedFiles\qrc_ldata.cpp
         qrc_ldata.cpp
       Link:
         C:\Program Files (x86)\Microsoft Visual Studio 11.0\VC\bin\x86_amd64\link.exe /ERRORREPORT:PROMPT /OUT:"G:\control\Ldata\Ldata\x64\Debug\\Ldata.exe" /NOLOGO /LIBPATH:F:\Qt\5.2.1\msvc2012_64\lib qtmaind.lib Qt5Cored.lib Qt5Guid.lib Qt5Widgetsd.lib kernel32.lib user32.lib gdi32.lib winspool.lib comdlg32.lib advapi32.lib shell32.lib ole32.lib oleaut32.lib uuid.lib odbc32.lib odbccp32.lib /MANIFEST /MANIFESTUAC:"level='asInvoker' uiAccess='false'" /manifest:embed /DEBUG /PDB:"G:\control\Ldata\Ldata\x64\Debug\Ldata.pdb" /SUBSYSTEM:WINDOWS /TLBID:1 /DYNAMICBASE /NXCOMPAT /IMPLIB:"G:\control\Ldata\Ldata\x64\Debug\Ldata.lib" /MACHINE:X64 x64\Debug\moc_ldata.obj
         x64\Debug\qrc_ldata.obj
         x64\Debug\ldata.obj
         x64\Debug\main.obj
         Ldata.vcxproj -> G:\control\Ldata\Ldata\x64\Debug\Ldata.exe
     1>已完成生成项目“G:\control\Ldata\Ldata\Ldata\Ldata.vcxproj”(Rebuild 个目标)的操作。

生成成功。

已用时间 00:00:05.29
